  Game.cpp
D:\visualcode\clicker_ralsei\clicker_ralsei\Tree.h(12,20): warning C4305: инициализация: усечение из "double" в "float"
  (компиляция исходного файла "Game.cpp")
  
D:\visualcode\clicker_ralsei\clicker_ralsei\Game.cpp(57,68): warning C4244: аргумент: преобразование "unsigned int" в "float", возможна потеря данных
D:\visualcode\clicker_ralsei\clicker_ralsei\Game.cpp(68,46): warning C4244: аргумент: преобразование "int" в "T", возможна потеря данных
D:\visualcode\clicker_ralsei\clicker_ralsei\Game.cpp(68,46): warning C4244:         with
D:\visualcode\clicker_ralsei\clicker_ralsei\Game.cpp(68,46): warning C4244:         [
D:\visualcode\clicker_ralsei\clicker_ralsei\Game.cpp(68,46): warning C4244:             T=float
D:\visualcode\clicker_ralsei\clicker_ralsei\Game.cpp(68,46): warning C4244:         ]
D:\visualcode\clicker_ralsei\clicker_ralsei\Game.cpp(215,36): warning C4244: аргумент: преобразование "unsigned int" в "float", возможна потеря данных
D:\visualcode\clicker_ralsei\clicker_ralsei\Game.cpp(318,53): warning C4244: аргумент: преобразование "T" в "float", возможна потеря данных
D:\visualcode\clicker_ralsei\clicker_ralsei\Game.cpp(318,53): warning C4244:         with
D:\visualcode\clicker_ralsei\clicker_ralsei\Game.cpp(318,53): warning C4244:         [
D:\visualcode\clicker_ralsei\clicker_ralsei\Game.cpp(318,53): warning C4244:             T=unsigned int
D:\visualcode\clicker_ralsei\clicker_ralsei\Game.cpp(318,53): warning C4244:         ]
  Player.cpp
D:\visualcode\clicker_ralsei\clicker_ralsei\Tree.h(12,20): warning C4305: инициализация: усечение из "double" в "float"
  (компиляция исходного файла "Player.cpp")
  
  Tree.cpp
D:\visualcode\clicker_ralsei\clicker_ralsei\Tree.h(12,20): warning C4305: инициализация: усечение из "double" в "float"
  (компиляция исходного файла "Tree.cpp")
  
  main.cpp
D:\visualcode\clicker_ralsei\clicker_ralsei\Tree.h(12,20): warning C4305: инициализация: усечение из "double" в "float"
  (компиляция исходного файла "main.cpp")
  
  Создание кода...
D:\visualcode\clicker_ralsei\clicker_ralsei\Player.cpp(206,1): warning C4715: Player::click_equivalent_level: значение возвращается не при всех путях выполнения
  clicker_ralsei.vcxproj -> D:\visualcode\clicker_ralsei\x64\Debug\clicker_ralsei.exe
